<?xml version="1.0" encoding="UTF-8"?>
<beans xmlns="http://www.springframework.org/schema/beans"
       xmlns:xsi="http://www.w3.org/2001/XMLSchema-instance" xmlns:p="http://www.springframework.org/schema/p"
       xmlns:context="http://www.springframework.org/schema/context"
       xmlns:mvc="http://www.springframework.org/schema/mvc"
       xsi:schemaLocation="http://www.springframework.org/schema/mvc http://www.springframework.org/schema/mvc/spring-mvc.xsd
    http://www.springframework.org/schema/beans http://www.springframework.org/schema/beans/spring-beans.xsd
    http://www.springframework.org/schema/context http://www.springframework.org/schema/context/spring-context.xsd">

  <!-- DispatcherServlet Context: defines this servlet's request-processing 
  infrastructure -->
  <context:annotation-config />

  <!-- Enables the Spring MVC @Controller programming model -->
  <mvc:annotation-driven />

  <!-- Handles HTTP GET requests for /resources/** by efficiently serving 
  up static resources in the ${webappRoot}/resources directory -->
  <mvc:resources mapping="/resources/**" location="/resources/" />

  <context:component-scan base-package="com.github.ikungolf" />

  <context:property-placeholder location="classpath*:*.properties" />

  <!-- Resolves views selected for rendering by @Controllers to .jsp resources 
  in the /WEB-INF/views/jsp/ directory -->
  <bean
    class="org.springframework.web.servlet.view.InternalResourceViewResolver">
    <property name="prefix" value="/WEB-INF/views/jsp/" />
    <property name="suffix" value=".jsp" />
  </bean>

  <!-- 	<bean id="propertyPlaceholderConfigurer" -->
  <!-- 		class="org.springframework.beans.factory.config.PropertyPlaceholderConfigurer"> -->
  <!-- 		<property name="locations"> -->
  <!-- 			<list> -->
  <!-- 				<value>classpath:jdbc.properties</value> -->
  <!-- 				<value>classpath:application.properties</value> -->
  <!-- 			</list> -->
  <!-- 		</property> -->
  <!-- 	</bean> -->

  <bean id="propertyConfigurer"
        class="org.springframework.beans.factory.config.PropertyPlaceholderConfigurer"
        p:location="classpath:application.properties" />

<!--   <bean id="datasource" -->
<!--         class="org.springframework.jdbc.datasource.DriverManagerDataSource" -->
<!--         p:driverClassName="${jdbc.driverClassName}" p:url="${jdbc.url}" -->
<!--         p:username="${jdbc.username}" p:password="${jdbc.password}" /> -->

<!--   <bean id="jdbcTemplate" class="org.springframework.jdbc.core.JdbcTemplate"> -->
<!--     <property name="dataSource" ref="datasource"></property> -->
<!--   </bean> -->

<!--   <bean id="namedJdbcTemplate" -->
<!--         class="org.springframework.jdbc.core.namedparam.NamedParameterJdbcTemplate"> -->
<!--     <constructor-arg ref="datasource" /> -->
<!--   </bean> -->

</beans>